2026/01/04 23:28:06 Active Clients: 0 | Total Requests Handled: 0
2026/01/04 23:28:07 Active Clients: 0 | Total Requests Handled: 0
2026/01/04 23:28:08 Active Clients: 0 | Total Requests Handled: 0
2026/01/04 23:28:09 Active Clients: 0 | Total Requests Handled: 40
2026/01/04 23:28:10 Active Clients: 0 | Total Requests Handled: 40
2026/01/04 23:28:11 Active Clients: 0 | Total Requests Handled: 40
2026/01/04 23:28:12 Active Clients: 0 | Total Requests Handled: 40
2026/01/04 23:28:13 Active Clients: 0 | Total Requests Handled: 40
2026/01/04 23:28:14 Active Clients: 0 | Total Requests Handled: 40
2026/01/04 23:28:15 Active Clients: 0 | Total Requests Handled: 40
2026/01/04 23:28:16 Active Clients: 0 | Total Requests Handled: 40
2026/01/04 23:28:17 Active Clients: 0 | Total Requests Handled: 40
2026/01/04 23:28:18 Active Clients: 0 | Total Requests Handled: 40
2026/01/04 23:28:19 Active Clients: 0 | Total Requests Handled: 40
2026/01/04 23:28:20 Active Clients: 0 | Total Requests Handled: 40
2026/01/04 23:28:21 Active Clients: 0 | Total Requests Handled: 40
2026/01/04 23:28:22 Active Clients: 0 | Total Requests Handled: 40
2026/01/04 23:28:23 Active Clients: 0 | Total Requests Handled: 40
2026/01/04 23:28:24 Active Clients: 0 | Total Requests Handled: 40
2026/01/04 23:28:25 Active Clients: 0 | Total Requests Handled: 40
2026/01/04 23:28:26 Active Clients: 0 | Total Requests Handled: 40
2026/01/04 23:28:27 Active Clients: 0 | Total Requests Handled: 40
2026/01/04 23:28:28 Active Clients: 0 | Total Requests Handled: 40
2026/01/04 23:28:29 Active Clients: 0 | Total Requests Handled: 40
2026/01/04 23:28:30 Active Clients: 0 | Total Requests Handled: 40
2026/01/04 23:28:31 Active Clients: 0 | Total Requests Handled: 40
2026/01/04 23:30:08 Active Clients: 0 | Total Requests Handled: 0
2026/01/04 23:30:09 Active Clients: 0 | Total Requests Handled: 0
2026/01/04 23:30:10 Active Clients: 0 | Total Requests Handled: 0
2026/01/04 23:30:11 Batch STARTED at 2026-01-04 23:30:11.245193943 +0530 IST m=+3.444674713
2026/01/04 23:30:11 Active Clients: 0 | Total Requests Handled: 40
2026/01/04 23:30:12 Active Clients: 0 | Total Requests Handled: 40
2026/01/04 23:30:13 Active Clients: 0 | Total Requests Handled: 40
2026/01/04 23:30:14 Batch FINISHED! Duration: 2.849384748s
2026/01/04 23:30:14 Active Clients: 0 | Total Requests Handled: 40
2026/01/04 23:30:15 Active Clients: 0 | Total Requests Handled: 40
2026/01/04 23:30:16 Active Clients: 0 | Total Requests Handled: 40
2026/01/04 23:30:17 Active Clients: 0 | Total Requests Handled: 40
2026/01/04 23:30:18 Active Clients: 0 | Total Requests Handled: 40
2026/01/04 23:30:19 Active Clients: 0 | Total Requests Handled: 40
2026/01/04 23:30:20 Active Clients: 0 | Total Requests Handled: 40
2026/01/04 23:30:21 Active Clients: 0 | Total Requests Handled: 40
2026/01/04 23:30:22 Active Clients: 0 | Total Requests Handled: 40
2026/01/04 23:30:23 Active Clients: 0 | Total Requests Handled: 40
2026/01/04 23:30:24 Active Clients: 0 | Total Requests Handled: 40
2026/01/04 23:30:25 Active Clients: 0 | Total Requests Handled: 40
2026/01/04 23:30:26 Active Clients: 0 | Total Requests Handled: 40
2026/01/04 23:30:27 Active Clients: 0 | Total Requests Handled: 40
2026/01/04 23:30:28 Active Clients: 0 | Total Requests Handled: 40
2026/01/04 23:30:29 Active Clients: 0 | Total Requests Handled: 40
2026/01/04 23:30:30 Active Clients: 0 | Total Requests Handled: 40
2026/01/04 23:30:31 Active Clients: 0 | Total Requests Handled: 40
2026/01/04 23:30:32 Active Clients: 0 | Total Requests Handled: 40
2026/01/04 23:30:33 Active Clients: 0 | Total Requests Handled: 40
2026/01/04 23:30:34 Active Clients: 0 | Total Requests Handled: 40
2026/01/04 23:30:35 Active Clients: 0 | Total Requests Handled: 40
2026/01/04 23:30:36 Active Clients: 0 | Total Requests Handled: 40
2026/01/04 23:30:37 Active Clients: 0 | Total Requests Handled: 40
2026/01/04 23:30:38 Active Clients: 0 | Total Requests Handled: 40
2026/01/04 23:30:39 Active Clients: 0 | Total Requests Handled: 40
2026/01/04 23:30:40 Active Clients: 0 | Total Requests Handled: 40
2026/01/04 23:30:41 Active Clients: 0 | Total Requests Handled: 40
2026/01/04 23:30:42 Active Clients: 0 | Total Requests Handled: 40
2026/01/04 23:30:43 Active Clients: 0 | Total Requests Handled: 40
2026/01/04 23:30:44 Active Clients: 0 | Total Requests Handled: 40
2026/01/04 23:30:48 Active Clients: 0 | Total Requests Handled: 0
2026/01/04 23:30:49 Active Clients: 0 | Total Requests Handled: 0
2026/01/04 23:30:49 Batch STARTED at 2026-01-04 23:30:49.974271257 +0530 IST m=+2.309280810
2026/01/04 23:30:50 Active Clients: 10 | Total Requests Handled: 10
2026/01/04 23:30:51 Active Clients: 10 | Total Requests Handled: 21
2026/01/04 23:30:52 Batch FINISHED! Duration: 2.579653811s
2026/01/04 23:30:52 Active Clients: 0 | Total Requests Handled: 40
2026/01/04 23:30:53 Active Clients: 0 | Total Requests Handled: 40
2026/01/04 23:30:54 Active Clients: 0 | Total Requests Handled: 40
2026/01/04 23:30:55 Active Clients: 0 | Total Requests Handled: 40
2026/01/04 23:30:56 Active Clients: 0 | Total Requests Handled: 40
2026/01/04 23:30:57 Active Clients: 0 | Total Requests Handled: 40
2026/01/04 23:31:00 Active Clients: 0 | Total Requests Handled: 0
2026/01/04 23:31:01 Active Clients: 0 | Total Requests Handled: 0
2026/01/04 23:31:01 Batch STARTED at 2026-01-04 23:31:01.75948963 +0530 IST m=+2.371481534
2026/01/04 23:31:02 Active Clients: 10 | Total Requests Handled: 10
2026/01/04 23:31:03 Active Clients: 10 | Total Requests Handled: 20
2026/01/04 23:31:04 Batch FINISHED! Duration: 2.53481282s
2026/01/04 23:31:04 Active Clients: 0 | Total Requests Handled: 40
2026/01/04 23:31:05 Active Clients: 0 | Total Requests Handled: 40
2026/01/04 23:31:06 Active Clients: 0 | Total Requests Handled: 40
2026/01/04 23:31:07 Active Clients: 0 | Total Requests Handled: 40
2026/01/04 23:31:08 Active Clients: 0 | Total Requests Handled: 40
2026/01/04 23:31:09 Active Clients: 0 | Total Requests Handled: 40
2026/01/04 23:31:10 Active Clients: 0 | Total Requests Handled: 40
2026/01/04 23:31:11 Active Clients: 0 | Total Requests Handled: 40
2026/01/04 23:31:14 Active Clients: 0 | Total Requests Handled: 0
2026/01/04 23:31:15 Active Clients: 0 | Total Requests Handled: 0
2026/01/04 23:31:16 Batch STARTED at 2026-01-04 23:31:16.103235121 +0530 IST m=+2.798802653
2026/01/04 23:31:16 Batch FINISHED! Duration: 3.467627ms
2026/01/04 23:31:16 Batch STARTED at 2026-01-04 23:31:16.115548665 +0530 IST m=+2.811116193
2026/01/04 23:31:16 Batch FINISHED! Duration: 23.923627ms
2026/01/04 23:31:16 Batch STARTED at 2026-01-04 23:31:16.139557898 +0530 IST m=+2.835125429
2026/01/04 23:31:16 Batch FINISHED! Duration: 8.503445ms
2026/01/04 23:31:16 Batch STARTED at 2026-01-04 23:31:16.162932805 +0530 IST m=+2.858500339
2026/01/04 23:31:16 Active Clients: 1 | Total Requests Handled: 37
2026/01/04 23:31:16 Batch FINISHED! Duration: 422.188013ms
2026/01/04 23:31:17 Active Clients: 0 | Total Requests Handled: 40
2026/01/04 23:31:18 Active Clients: 0 | Total Requests Handled: 40
2026/01/04 23:31:19 Active Clients: 0 | Total Requests Handled: 40
2026/01/04 23:31:20 Active Clients: 0 | Total Requests Handled: 40
2026/01/04 23:31:21 Active Clients: 0 | Total Requests Handled: 40
2026/01/04 23:31:22 Active Clients: 0 | Total Requests Handled: 40
2026/01/04 23:31:23 Active Clients: 0 | Total Requests Handled: 40
2026/01/04 23:31:24 Active Clients: 0 | Total Requests Handled: 40
2026/01/04 23:31:25 Active Clients: 0 | Total Requests Handled: 40
2026/01/04 23:31:26 Active Clients: 0 | Total Requests Handled: 40
2026/01/04 23:31:27 Active Clients: 0 | Total Requests Handled: 40
2026/01/04 23:31:28 Active Clients: 0 | Total Requests Handled: 40
2026/01/04 23:31:29 Active Clients: 0 | Total Requests Handled: 40
2026/01/04 23:31:30 Active Clients: 0 | Total Requests Handled: 40
2026/01/04 23:31:31 Active Clients: 0 | Total Requests Handled: 40
2026/01/04 23:31:32 Active Clients: 0 | Total Requests Handled: 40
2026/01/04 23:31:33 Active Clients: 0 | Total Requests Handled: 40
2026/01/04 23:31:34 Active Clients: 0 | Total Requests Handled: 40
2026/01/04 23:31:35 Active Clients: 0 | Total Requests Handled: 40
2026/01/04 23:31:36 Active Clients: 0 | Total Requests Handled: 40
2026/01/04 23:31:37 Active Clients: 0 | Total Requests Handled: 40
2026/01/04 23:31:38 Active Clients: 0 | Total Requests Handled: 40
2026/01/04 23:31:39 Active Clients: 0 | Total Requests Handled: 40
2026/01/04 23:31:40 Active Clients: 0 | Total Requests Handled: 40
2026/01/04 23:31:41 Active Clients: 0 | Total Requests Handled: 40
2026/01/04 23:31:42 Active Clients: 0 | Total Requests Handled: 40
2026/01/04 23:31:43 Active Clients: 0 | Total Requests Handled: 40
2026/01/04 23:31:44 Active Clients: 0 | Total Requests Handled: 40
2026/01/04 23:31:45 Active Clients: 0 | Total Requests Handled: 40
2026/01/04 23:31:46 Active Clients: 0 | Total Requests Handled: 40
2026/01/04 23:31:47 Active Clients: 0 | Total Requests Handled: 40
2026/01/04 23:31:48 Active Clients: 0 | Total Requests Handled: 40
2026/01/04 23:31:49 Active Clients: 0 | Total Requests Handled: 40
2026/01/04 23:31:50 Active Clients: 0 | Total Requests Handled: 40
2026/01/04 23:31:51 Active Clients: 0 | Total Requests Handled: 40
2026/01/04 23:31:52 Active Clients: 0 | Total Requests Handled: 40
2026/01/04 23:31:53 Active Clients: 0 | Total Requests Handled: 40
2026/01/04 23:31:54 Active Clients: 0 | Total Requests Handled: 40
2026/01/04 23:31:55 Active Clients: 0 | Total Requests Handled: 40
2026/01/04 23:31:56 Active Clients: 0 | Total Requests Handled: 40
2026/01/04 23:31:57 Active Clients: 0 | Total Requests Handled: 40
2026/01/04 23:31:58 Active Clients: 0 | Total Requests Handled: 40
2026/01/04 23:31:59 Active Clients: 0 | Total Requests Handled: 40
2026/01/04 23:32:00 Active Clients: 0 | Total Requests Handled: 40
2026/01/04 23:32:01 Active Clients: 0 | Total Requests Handled: 40
2026/01/04 23:32:02 Active Clients: 0 | Total Requests Handled: 40
2026/01/04 23:32:03 Active Clients: 0 | Total Requests Handled: 40
2026/01/04 23:32:04 Active Clients: 0 | Total Requests Handled: 40
2026/01/04 23:32:05 Active Clients: 0 | Total Requests Handled: 40
2026/01/04 23:32:06 Active Clients: 0 | Total Requests Handled: 40
2026/01/04 23:32:07 Active Clients: 0 | Total Requests Handled: 40
2026/01/04 23:32:08 Active Clients: 0 | Total Requests Handled: 40
2026/01/04 23:32:09 Active Clients: 0 | Total Requests Handled: 40
2026/01/04 23:32:10 Active Clients: 0 | Total Requests Handled: 40
2026/01/04 23:32:11 Active Clients: 0 | Total Requests Handled: 40
2026/01/04 23:32:12 Active Clients: 0 | Total Requests Handled: 40
2026/01/04 23:32:13 Active Clients: 0 | Total Requests Handled: 40
2026/01/04 23:32:14 Active Clients: 0 | Total Requests Handled: 40
2026/01/04 23:32:15 Active Clients: 0 | Total Requests Handled: 40
2026/01/04 23:32:16 Active Clients: 0 | Total Requests Handled: 40
2026/01/04 23:32:17 Active Clients: 0 | Total Requests Handled: 40
2026/01/04 23:32:18 Active Clients: 0 | Total Requests Handled: 40
2026/01/04 23:32:19 Active Clients: 0 | Total Requests Handled: 40
2026/01/04 23:32:20 Active Clients: 0 | Total Requests Handled: 40
2026/01/04 23:32:21 Active Clients: 0 | Total Requests Handled: 40
2026/01/04 23:32:22 Active Clients: 0 | Total Requests Handled: 40
2026/01/04 23:32:23 Active Clients: 0 | Total Requests Handled: 40
2026/01/04 23:32:24 Active Clients: 0 | Total Requests Handled: 40
2026/01/04 23:32:25 Active Clients: 0 | Total Requests Handled: 40
2026/01/04 23:32:26 Active Clients: 0 | Total Requests Handled: 40
2026/01/04 23:32:27 Active Clients: 0 | Total Requests Handled: 40
2026/01/04 23:32:28 Active Clients: 0 | Total Requests Handled: 40
2026/01/04 23:32:29 Active Clients: 0 | Total Requests Handled: 40
2026/01/04 23:32:30 Active Clients: 0 | Total Requests Handled: 40
2026/01/04 23:32:31 Active Clients: 0 | Total Requests Handled: 40
2026/01/04 23:32:32 Active Clients: 0 | Total Requests Handled: 40
2026/01/04 23:32:33 Active Clients: 0 | Total Requests Handled: 40
2026/01/04 23:32:34 Active Clients: 0 | Total Requests Handled: 40
2026/01/04 23:32:35 Active Clients: 0 | Total Requests Handled: 40
2026/01/04 23:32:36 Active Clients: 0 | Total Requests Handled: 40
2026/01/04 23:32:37 Active Clients: 0 | Total Requests Handled: 40
2026/01/04 23:32:38 Active Clients: 0 | Total Requests Handled: 40
2026/01/04 23:32:39 Active Clients: 0 | Total Requests Handled: 40
2026/01/04 23:32:40 Active Clients: 0 | Total Requests Handled: 40
2026/01/04 23:32:41 Active Clients: 0 | Total Requests Handled: 40
2026/01/04 23:32:42 Active Clients: 0 | Total Requests Handled: 40
2026/01/04 23:32:43 Active Clients: 0 | Total Requests Handled: 40
2026/01/04 23:32:44 Active Clients: 0 | Total Requests Handled: 40
2026/01/04 23:32:45 Active Clients: 0 | Total Requests Handled: 40
2026/01/04 23:32:46 Active Clients: 0 | Total Requests Handled: 40
2026/01/04 23:32:47 Active Clients: 0 | Total Requests Handled: 40
2026/01/04 23:32:48 Active Clients: 0 | Total Requests Handled: 40
2026/01/04 23:32:49 Active Clients: 0 | Total Requests Handled: 40
2026/01/04 23:32:50 Active Clients: 0 | Total Requests Handled: 40
2026/01/04 23:32:51 Active Clients: 0 | Total Requests Handled: 40
2026/01/04 23:32:52 Active Clients: 0 | Total Requests Handled: 40
2026/01/04 23:32:53 Active Clients: 0 | Total Requests Handled: 40
2026/01/04 23:32:54 Active Clients: 0 | Total Requests Handled: 40
2026/01/04 23:32:55 Active Clients: 0 | Total Requests Handled: 40
2026/01/04 23:32:56 Active Clients: 0 | Total Requests Handled: 40
2026/01/04 23:32:57 Active Clients: 0 | Total Requests Handled: 40
2026/01/04 23:32:58 Active Clients: 0 | Total Requests Handled: 40
2026/01/04 23:32:59 Active Clients: 0 | Total Requests Handled: 40
2026/01/04 23:33:00 Active Clients: 0 | Total Requests Handled: 40
2026/01/04 23:33:01 Active Clients: 0 | Total Requests Handled: 40
2026/01/04 23:33:02 Active Clients: 0 | Total Requests Handled: 40
2026/01/04 23:33:03 Active Clients: 0 | Total Requests Handled: 40
2026/01/04 23:33:04 Active Clients: 0 | Total Requests Handled: 40
2026/01/04 23:33:05 Active Clients: 0 | Total Requests Handled: 40
2026/01/04 23:33:06 Active Clients: 0 | Total Requests Handled: 40
2026/01/04 23:33:07 Active Clients: 0 | Total Requests Handled: 40
2026/01/04 23:33:08 Active Clients: 0 | Total Requests Handled: 40
2026/01/04 23:33:09 Active Clients: 0 | Total Requests Handled: 40
2026/01/04 23:33:10 Active Clients: 0 | Total Requests Handled: 40
2026/01/04 23:33:11 Active Clients: 0 | Total Requests Handled: 40
2026/01/04 23:33:12 Active Clients: 0 | Total Requests Handled: 40
2026/01/04 23:33:13 Active Clients: 0 | Total Requests Handled: 40
2026/01/04 23:33:14 Active Clients: 0 | Total Requests Handled: 40
2026/01/04 23:33:15 Active Clients: 0 | Total Requests Handled: 40
2026/01/04 23:33:16 Active Clients: 0 | Total Requests Handled: 40
2026/01/04 23:33:17 Active Clients: 0 | Total Requests Handled: 40
2026/01/04 23:33:18 Active Clients: 0 | Total Requests Handled: 40
2026/01/04 23:33:19 Active Clients: 0 | Total Requests Handled: 40
2026/01/04 23:33:20 Active Clients: 0 | Total Requests Handled: 40
2026/01/04 23:33:21 Active Clients: 0 | Total Requests Handled: 40
2026/01/04 23:33:22 Active Clients: 0 | Total Requests Handled: 40
2026/01/04 23:33:23 Active Clients: 0 | Total Requests Handled: 40
2026/01/04 23:33:24 Active Clients: 0 | Total Requests Handled: 40
2026/01/04 23:33:25 Active Clients: 0 | Total Requests Handled: 40
2026/01/04 23:33:26 Active Clients: 0 | Total Requests Handled: 40
2026/01/04 23:33:27 Active Clients: 0 | Total Requests Handled: 40
2026/01/04 23:33:28 Active Clients: 0 | Total Requests Handled: 40
2026/01/04 23:33:29 Active Clients: 0 | Total Requests Handled: 40
2026/01/04 23:33:30 Active Clients: 0 | Total Requests Handled: 40
2026/01/04 23:33:31 Active Clients: 0 | Total Requests Handled: 40
2026/01/04 23:33:32 Active Clients: 0 | Total Requests Handled: 40
2026/01/04 23:33:33 Active Clients: 0 | Total Requests Handled: 40
2026/01/04 23:33:34 Active Clients: 0 | Total Requests Handled: 40
2026/01/04 23:33:35 Active Clients: 0 | Total Requests Handled: 40
2026/01/04 23:33:36 Active Clients: 0 | Total Requests Handled: 40
2026/01/04 23:33:37 Active Clients: 0 | Total Requests Handled: 40
2026/01/04 23:33:38 Active Clients: 0 | Total Requests Handled: 40
2026/01/04 23:33:39 Active Clients: 0 | Total Requests Handled: 40
2026/01/04 23:33:40 Active Clients: 0 | Total Requests Handled: 40
2026/01/04 23:33:41 Active Clients: 0 | Total Requests Handled: 40
2026/01/04 23:33:42 Active Clients: 0 | Total Requests Handled: 40
2026/01/04 23:33:43 Active Clients: 0 | Total Requests Handled: 40
2026/01/04 23:33:44 Active Clients: 0 | Total Requests Handled: 40
2026/01/04 23:33:45 Active Clients: 0 | Total Requests Handled: 40
2026/01/04 23:33:46 Active Clients: 0 | Total Requests Handled: 40
2026/01/04 23:33:47 Active Clients: 0 | Total Requests Handled: 40
2026/01/04 23:33:48 Active Clients: 0 | Total Requests Handled: 40
2026/01/04 23:33:49 Active Clients: 0 | Total Requests Handled: 40
2026/01/04 23:33:50 Active Clients: 0 | Total Requests Handled: 40
2026/01/04 23:33:51 Active Clients: 0 | Total Requests Handled: 40
2026/01/04 23:33:52 Active Clients: 0 | Total Requests Handled: 40
2026/01/04 23:33:53 Active Clients: 0 | Total Requests Handled: 40
2026/01/04 23:33:54 Active Clients: 0 | Total Requests Handled: 40
2026/01/04 23:33:55 Active Clients: 0 | Total Requests Handled: 40
2026/01/04 23:33:56 Active Clients: 0 | Total Requests Handled: 40
2026/01/04 23:33:57 Active Clients: 0 | Total Requests Handled: 40
2026/01/04 23:33:58 Active Clients: 0 | Total Requests Handled: 40
2026/01/04 23:33:59 Active Clients: 0 | Total Requests Handled: 40
2026/01/04 23:34:00 Active Clients: 0 | Total Requests Handled: 40
2026/01/04 23:34:01 Active Clients: 0 | Total Requests Handled: 40
2026/01/04 23:34:02 Active Clients: 0 | Total Requests Handled: 40
2026/01/04 23:34:03 Active Clients: 0 | Total Requests Handled: 40
2026/01/04 23:34:04 Active Clients: 0 | Total Requests Handled: 40
2026/01/04 23:34:05 Active Clients: 0 | Total Requests Handled: 40
2026/01/04 23:34:06 Active Clients: 0 | Total Requests Handled: 40
2026/01/04 23:34:07 Active Clients: 0 | Total Requests Handled: 40
2026/01/04 23:34:08 Active Clients: 0 | Total Requests Handled: 40
2026/01/04 23:34:09 Active Clients: 0 | Total Requests Handled: 40
2026/01/04 23:34:10 Active Clients: 0 | Total Requests Handled: 40
2026/01/04 23:34:11 Active Clients: 0 | Total Requests Handled: 40
2026/01/04 23:34:12 Active Clients: 0 | Total Requests Handled: 40
2026/01/04 23:34:13 Active Clients: 0 | Total Requests Handled: 40
2026/01/04 23:34:14 Active Clients: 0 | Total Requests Handled: 40
2026/01/04 23:34:15 Active Clients: 0 | Total Requests Handled: 40
2026/01/04 23:34:16 Active Clients: 0 | Total Requests Handled: 40
2026/01/04 23:34:17 Active Clients: 0 | Total Requests Handled: 40
2026/01/04 23:34:18 Active Clients: 0 | Total Requests Handled: 40
2026/01/04 23:34:19 Active Clients: 0 | Total Requests Handled: 40
2026/01/04 23:34:20 Active Clients: 0 | Total Requests Handled: 40
2026/01/04 23:34:21 Active Clients: 0 | Total Requests Handled: 40
2026/01/04 23:34:22 Active Clients: 0 | Total Requests Handled: 40
2026/01/04 23:34:23 Active Clients: 0 | Total Requests Handled: 40
2026/01/04 23:34:24 Active Clients: 0 | Total Requests Handled: 40
2026/01/04 23:34:25 Active Clients: 0 | Total Requests Handled: 40
2026/01/04 23:34:26 Active Clients: 0 | Total Requests Handled: 40
2026/01/04 23:34:27 Active Clients: 0 | Total Requests Handled: 40
2026/01/04 23:34:28 Active Clients: 0 | Total Requests Handled: 40
2026/01/04 23:34:29 Active Clients: 0 | Total Requests Handled: 40
2026/01/04 23:34:30 Active Clients: 0 | Total Requests Handled: 40
2026/01/04 23:34:31 Active Clients: 0 | Total Requests Handled: 40
2026/01/04 23:34:32 Active Clients: 0 | Total Requests Handled: 40
2026/01/04 23:34:33 Active Clients: 0 | Total Requests Handled: 40
2026/01/04 23:34:34 Active Clients: 0 | Total Requests Handled: 40
2026/01/04 23:34:35 Active Clients: 0 | Total Requests Handled: 40
2026/01/04 23:34:36 Active Clients: 0 | Total Requests Handled: 40
2026/01/04 23:34:37 Active Clients: 0 | Total Requests Handled: 40
2026/01/04 23:34:38 Active Clients: 0 | Total Requests Handled: 40
2026/01/04 23:34:39 Active Clients: 0 | Total Requests Handled: 40
2026/01/04 23:34:40 Active Clients: 0 | Total Requests Handled: 40
2026/01/04 23:34:41 Active Clients: 0 | Total Requests Handled: 40
2026/01/04 23:34:42 Active Clients: 0 | Total Requests Handled: 40
2026/01/04 23:34:43 Active Clients: 0 | Total Requests Handled: 40
2026/01/04 23:34:44 Active Clients: 0 | Total Requests Handled: 40
2026/01/04 23:34:45 Active Clients: 0 | Total Requests Handled: 40
2026/01/04 23:34:46 Active Clients: 0 | Total Requests Handled: 40
2026/01/04 23:34:47 Active Clients: 0 | Total Requests Handled: 40
2026/01/04 23:34:48 Active Clients: 0 | Total Requests Handled: 40
2026/01/04 23:34:49 Active Clients: 0 | Total Requests Handled: 40
2026/01/04 23:34:50 Active Clients: 0 | Total Requests Handled: 40
2026/01/04 23:34:51 Active Clients: 0 | Total Requests Handled: 40
2026/01/04 23:34:52 Active Clients: 0 | Total Requests Handled: 40
2026/01/04 23:34:53 Active Clients: 0 | Total Requests Handled: 40
2026/01/04 23:34:54 Active Clients: 0 | Total Requests Handled: 40
2026/01/04 23:34:55 Active Clients: 0 | Total Requests Handled: 40
2026/01/04 23:34:56 Active Clients: 0 | Total Requests Handled: 40
2026/01/04 23:34:57 Active Clients: 0 | Total Requests Handled: 40
2026/01/04 23:34:58 Active Clients: 0 | Total Requests Handled: 40
2026/01/04 23:34:59 Active Clients: 0 | Total Requests Handled: 40
2026/01/04 23:35:00 Active Clients: 0 | Total Requests Handled: 40
2026/01/04 23:35:01 Active Clients: 0 | Total Requests Handled: 40
2026/01/04 23:35:02 Active Clients: 0 | Total Requests Handled: 40
2026/01/04 23:35:03 Active Clients: 0 | Total Requests Handled: 40
2026/01/04 23:35:04 Active Clients: 0 | Total Requests Handled: 40
2026/01/04 23:35:05 Active Clients: 0 | Total Requests Handled: 40
2026/01/04 23:35:06 Active Clients: 0 | Total Requests Handled: 40
2026/01/04 23:35:07 Active Clients: 0 | Total Requests Handled: 40
2026/01/04 23:35:08 Active Clients: 0 | Total Requests Handled: 40
2026/01/04 23:35:09 Active Clients: 0 | Total Requests Handled: 40
2026/01/04 23:35:10 Active Clients: 0 | Total Requests Handled: 40
2026/01/04 23:35:11 Active Clients: 0 | Total Requests Handled: 40
2026/01/04 23:35:12 Active Clients: 0 | Total Requests Handled: 40
2026/01/04 23:35:13 Active Clients: 0 | Total Requests Handled: 40
2026/01/04 23:35:14 Active Clients: 0 | Total Requests Handled: 40
2026/01/04 23:35:15 Active Clients: 0 | Total Requests Handled: 40
2026/01/04 23:35:16 Active Clients: 0 | Total Requests Handled: 40
2026/01/04 23:35:17 Active Clients: 0 | Total Requests Handled: 40
2026/01/04 23:35:18 Active Clients: 0 | Total Requests Handled: 40
2026/01/04 23:35:19 Active Clients: 0 | Total Requests Handled: 40
2026/01/04 23:35:20 Active Clients: 0 | Total Requests Handled: 40
2026/01/04 23:35:21 Active Clients: 0 | Total Requests Handled: 40
2026/01/04 23:35:22 Active Clients: 0 | Total Requests Handled: 40
2026/01/04 23:35:23 Active Clients: 0 | Total Requests Handled: 40
2026/01/04 23:35:24 Active Clients: 0 | Total Requests Handled: 40
2026/01/04 23:35:25 Active Clients: 0 | Total Requests Handled: 40
2026/01/04 23:35:26 Active Clients: 0 | Total Requests Handled: 40
2026/01/04 23:35:27 Active Clients: 0 | Total Requests Handled: 40
2026/01/04 23:35:28 Active Clients: 0 | Total Requests Handled: 40
2026/01/04 23:35:29 Active Clients: 0 | Total Requests Handled: 40
2026/01/04 23:35:30 Active Clients: 0 | Total Requests Handled: 40
2026/01/04 23:35:31 Active Clients: 0 | Total Requests Handled: 40
2026/01/04 23:35:32 Active Clients: 0 | Total Requests Handled: 40
2026/01/04 23:35:33 Active Clients: 0 | Total Requests Handled: 40
2026/01/04 23:35:34 Active Clients: 0 | Total Requests Handled: 40
2026/01/04 23:35:35 Active Clients: 0 | Total Requests Handled: 40
2026/01/04 23:35:36 Active Clients: 0 | Total Requests Handled: 40
2026/01/04 23:35:37 Active Clients: 0 | Total Requests Handled: 40
2026/01/04 23:35:38 Active Clients: 0 | Total Requests Handled: 40
2026/01/04 23:35:39 Active Clients: 0 | Total Requests Handled: 40
2026/01/04 23:35:40 Active Clients: 0 | Total Requests Handled: 40
2026/01/04 23:35:41 Active Clients: 0 | Total Requests Handled: 40
2026/01/04 23:35:42 Active Clients: 0 | Total Requests Handled: 40
2026/01/04 23:35:43 Active Clients: 0 | Total Requests Handled: 40
2026/01/04 23:35:44 Active Clients: 0 | Total Requests Handled: 40
2026/01/04 23:35:45 Active Clients: 0 | Total Requests Handled: 40
2026/01/04 23:35:46 Active Clients: 0 | Total Requests Handled: 40
2026/01/04 23:35:47 Active Clients: 0 | Total Requests Handled: 40
2026/01/04 23:35:48 Active Clients: 0 | Total Requests Handled: 40
2026/01/04 23:35:49 Active Clients: 0 | Total Requests Handled: 40
2026/01/04 23:35:50 Active Clients: 0 | Total Requests Handled: 40
2026/01/04 23:35:51 Active Clients: 0 | Total Requests Handled: 40
2026/01/04 23:35:52 Active Clients: 0 | Total Requests Handled: 40
2026/01/04 23:35:53 Active Clients: 0 | Total Requests Handled: 40
2026/01/04 23:35:54 Active Clients: 0 | Total Requests Handled: 40
2026/01/04 23:35:55 Active Clients: 0 | Total Requests Handled: 40
2026/01/04 23:35:56 Active Clients: 0 | Total Requests Handled: 40
2026/01/04 23:35:57 Active Clients: 0 | Total Requests Handled: 40
2026/01/04 23:35:58 Active Clients: 0 | Total Requests Handled: 40
2026/01/04 23:35:59 Active Clients: 0 | Total Requests Handled: 40
2026/01/04 23:36:00 Active Clients: 0 | Total Requests Handled: 40
2026/01/04 23:36:01 Active Clients: 0 | Total Requests Handled: 40
2026/01/04 23:36:02 Active Clients: 0 | Total Requests Handled: 40
2026/01/04 23:36:03 Active Clients: 0 | Total Requests Handled: 40
2026/01/04 23:36:04 Active Clients: 0 | Total Requests Handled: 40
2026/01/04 23:36:05 Active Clients: 0 | Total Requests Handled: 40
2026/01/04 23:36:06 Active Clients: 0 | Total Requests Handled: 40
2026/01/04 23:36:07 Active Clients: 0 | Total Requests Handled: 40
2026/01/04 23:36:08 Active Clients: 0 | Total Requests Handled: 40
2026/01/04 23:36:09 Active Clients: 0 | Total Requests Handled: 40
2026/01/04 23:36:10 Active Clients: 0 | Total Requests Handled: 40
2026/01/04 23:36:11 Active Clients: 0 | Total Requests Handled: 40
2026/01/04 23:36:12 Active Clients: 0 | Total Requests Handled: 40
2026/01/04 23:36:13 Active Clients: 0 | Total Requests Handled: 40
2026/01/04 23:36:14 Active Clients: 0 | Total Requests Handled: 40
2026/01/04 23:36:15 Active Clients: 0 | Total Requests Handled: 40
2026/01/04 23:36:16 Active Clients: 0 | Total Requests Handled: 40
2026/01/04 23:36:17 Active Clients: 0 | Total Requests Handled: 40
2026/01/04 23:36:18 Active Clients: 0 | Total Requests Handled: 40
2026/01/04 23:36:19 Active Clients: 0 | Total Requests Handled: 40
2026/01/04 23:36:20 Active Clients: 0 | Total Requests Handled: 40
2026/01/04 23:36:21 Active Clients: 0 | Total Requests Handled: 40
2026/01/04 23:36:22 Active Clients: 0 | Total Requests Handled: 40
2026/01/04 23:36:23 Active Clients: 0 | Total Requests Handled: 40
2026/01/04 23:36:24 Active Clients: 0 | Total Requests Handled: 40
2026/01/04 23:36:25 Active Clients: 0 | Total Requests Handled: 40
2026/01/04 23:36:26 Active Clients: 0 | Total Requests Handled: 40
2026/01/04 23:36:27 Active Clients: 0 | Total Requests Handled: 40
2026/01/04 23:36:28 Active Clients: 0 | Total Requests Handled: 40
2026/01/04 23:36:29 Active Clients: 0 | Total Requests Handled: 40
2026/01/04 23:36:30 Active Clients: 0 | Total Requests Handled: 40
2026/01/04 23:36:31 Active Clients: 0 | Total Requests Handled: 40
2026/01/04 23:36:32 Active Clients: 0 | Total Requests Handled: 40
2026/01/04 23:36:33 Active Clients: 0 | Total Requests Handled: 40
2026/01/04 23:36:34 Active Clients: 0 | Total Requests Handled: 40
2026/01/04 23:36:35 Active Clients: 0 | Total Requests Handled: 40
2026/01/04 23:36:36 Active Clients: 0 | Total Requests Handled: 40
2026/01/04 23:36:37 Active Clients: 0 | Total Requests Handled: 40
2026/01/04 23:36:38 Active Clients: 0 | Total Requests Handled: 40
2026/01/04 23:36:39 Active Clients: 0 | Total Requests Handled: 40
2026/01/04 23:36:40 Active Clients: 0 | Total Requests Handled: 40
2026/01/04 23:36:41 Active Clients: 0 | Total Requests Handled: 40
2026/01/04 23:36:42 Active Clients: 0 | Total Requests Handled: 40
2026/01/04 23:36:43 Active Clients: 0 | Total Requests Handled: 40
2026/01/04 23:36:44 Active Clients: 0 | Total Requests Handled: 40
2026/01/04 23:36:45 Active Clients: 0 | Total Requests Handled: 40
2026/01/04 23:36:46 Active Clients: 0 | Total Requests Handled: 40
2026/01/04 23:36:47 Active Clients: 0 | Total Requests Handled: 40
2026/01/04 23:36:48 Active Clients: 0 | Total Requests Handled: 40
2026/01/04 23:36:49 Active Clients: 0 | Total Requests Handled: 40
2026/01/04 23:36:50 Active Clients: 0 | Total Requests Handled: 40
2026/01/04 23:36:51 Active Clients: 0 | Total Requests Handled: 40
2026/01/04 23:36:52 Active Clients: 0 | Total Requests Handled: 40
2026/01/04 23:36:53 Active Clients: 0 | Total Requests Handled: 40
2026/01/04 23:36:54 Active Clients: 0 | Total Requests Handled: 40
2026/01/04 23:36:55 Active Clients: 0 | Total Requests Handled: 40
2026/01/04 23:36:56 Active Clients: 0 | Total Requests Handled: 40
2026/01/04 23:36:57 Active Clients: 0 | Total Requests Handled: 40
2026/01/04 23:36:58 Active Clients: 0 | Total Requests Handled: 40
2026/01/04 23:36:59 Active Clients: 0 | Total Requests Handled: 40
2026/01/04 23:37:00 Active Clients: 0 | Total Requests Handled: 40
2026/01/04 23:37:01 Active Clients: 0 | Total Requests Handled: 40
2026/01/04 23:37:02 Active Clients: 0 | Total Requests Handled: 40
2026/01/04 23:37:03 Active Clients: 0 | Total Requests Handled: 40
2026/01/04 23:37:04 Active Clients: 0 | Total Requests Handled: 40
2026/01/04 23:37:05 Active Clients: 0 | Total Requests Handled: 40
2026/01/04 23:37:06 Active Clients: 0 | Total Requests Handled: 40
2026/01/04 23:37:07 Active Clients: 0 | Total Requests Handled: 40
2026/01/04 23:37:08 Active Clients: 0 | Total Requests Handled: 40
2026/01/04 23:37:09 Active Clients: 0 | Total Requests Handled: 40
2026/01/04 23:37:10 Active Clients: 0 | Total Requests Handled: 40
2026/01/04 23:37:11 Active Clients: 0 | Total Requests Handled: 40
2026/01/04 23:37:12 Active Clients: 0 | Total Requests Handled: 40
2026/01/04 23:37:13 Active Clients: 0 | Total Requests Handled: 40
2026/01/04 23:37:14 Active Clients: 0 | Total Requests Handled: 40
2026/01/04 23:37:15 Active Clients: 0 | Total Requests Handled: 40
2026/01/04 23:37:16 Active Clients: 0 | Total Requests Handled: 40
2026/01/04 23:37:17 Active Clients: 0 | Total Requests Handled: 40
2026/01/04 23:37:18 Active Clients: 0 | Total Requests Handled: 40
2026/01/04 23:37:19 Active Clients: 0 | Total Requests Handled: 40
2026/01/04 23:37:20 Active Clients: 0 | Total Requests Handled: 40
2026/01/04 23:37:21 Active Clients: 0 | Total Requests Handled: 40
2026/01/04 23:37:22 Active Clients: 0 | Total Requests Handled: 40
2026/01/04 23:37:23 Active Clients: 0 | Total Requests Handled: 40
2026/01/04 23:37:24 Active Clients: 0 | Total Requests Handled: 40
2026/01/04 23:37:25 Active Clients: 0 | Total Requests Handled: 40
2026/01/04 23:37:26 Active Clients: 0 | Total Requests Handled: 40
2026/01/04 23:37:27 Active Clients: 0 | Total Requests Handled: 40
2026/01/04 23:37:28 Active Clients: 0 | Total Requests Handled: 40
2026/01/04 23:37:29 Active Clients: 0 | Total Requests Handled: 40
2026/01/04 23:37:30 Active Clients: 0 | Total Requests Handled: 40
2026/01/04 23:37:31 Active Clients: 0 | Total Requests Handled: 40
2026/01/04 23:37:32 Active Clients: 0 | Total Requests Handled: 40
2026/01/04 23:37:33 Active Clients: 0 | Total Requests Handled: 40
2026/01/04 23:37:34 Active Clients: 0 | Total Requests Handled: 40
2026/01/04 23:37:35 Active Clients: 0 | Total Requests Handled: 40
2026/01/04 23:37:36 Active Clients: 0 | Total Requests Handled: 40
2026/01/04 23:37:37 Active Clients: 0 | Total Requests Handled: 40
2026/01/04 23:37:38 Active Clients: 0 | Total Requests Handled: 40
2026/01/04 23:37:39 Active Clients: 0 | Total Requests Handled: 40
2026/01/04 23:37:40 Active Clients: 0 | Total Requests Handled: 40
2026/01/04 23:37:41 Active Clients: 0 | Total Requests Handled: 40
2026/01/04 23:37:42 Active Clients: 0 | Total Requests Handled: 40
2026/01/04 23:37:43 Active Clients: 0 | Total Requests Handled: 40
2026/01/04 23:37:44 Active Clients: 0 | Total Requests Handled: 40
2026/01/04 23:37:45 Active Clients: 0 | Total Requests Handled: 40
2026/01/04 23:37:46 Active Clients: 0 | Total Requests Handled: 40
2026/01/04 23:37:47 Active Clients: 0 | Total Requests Handled: 40
2026/01/04 23:37:48 Active Clients: 0 | Total Requests Handled: 40
2026/01/04 23:37:49 Active Clients: 0 | Total Requests Handled: 40
2026/01/04 23:37:50 Active Clients: 0 | Total Requests Handled: 40
2026/01/04 23:37:51 Active Clients: 0 | Total Requests Handled: 40
2026/01/04 23:37:52 Active Clients: 0 | Total Requests Handled: 40
2026/01/04 23:37:53 Active Clients: 0 | Total Requests Handled: 40
2026/01/04 23:37:54 Active Clients: 0 | Total Requests Handled: 40
2026/01/04 23:37:55 Active Clients: 0 | Total Requests Handled: 40
2026/01/04 23:37:56 Active Clients: 0 | Total Requests Handled: 40
2026/01/04 23:37:57 Active Clients: 0 | Total Requests Handled: 40
2026/01/04 23:37:58 Active Clients: 0 | Total Requests Handled: 40
2026/01/04 23:37:59 Active Clients: 0 | Total Requests Handled: 40
2026/01/04 23:38:00 Active Clients: 0 | Total Requests Handled: 40
2026/01/04 23:38:01 Active Clients: 0 | Total Requests Handled: 40
2026/01/04 23:38:02 Active Clients: 0 | Total Requests Handled: 40
2026/01/04 23:38:03 Active Clients: 0 | Total Requests Handled: 40
2026/01/04 23:38:04 Active Clients: 0 | Total Requests Handled: 40
2026/01/04 23:38:05 Active Clients: 0 | Total Requests Handled: 40
2026/01/04 23:38:06 Active Clients: 0 | Total Requests Handled: 40
2026/01/04 23:38:07 Active Clients: 0 | Total Requests Handled: 40
2026/01/04 23:38:08 Active Clients: 0 | Total Requests Handled: 40
2026/01/04 23:38:09 Active Clients: 0 | Total Requests Handled: 40
2026/01/04 23:38:10 Active Clients: 0 | Total Requests Handled: 40
2026/01/04 23:38:11 Active Clients: 0 | Total Requests Handled: 40
2026/01/04 23:38:12 Active Clients: 0 | Total Requests Handled: 40
2026/01/04 23:38:13 Active Clients: 0 | Total Requests Handled: 40
2026/01/04 23:38:14 Active Clients: 0 | Total Requests Handled: 40
2026/01/04 23:38:15 Active Clients: 0 | Total Requests Handled: 40
2026/01/04 23:38:16 Active Clients: 0 | Total Requests Handled: 40
2026/01/04 23:38:17 Active Clients: 0 | Total Requests Handled: 40
2026/01/04 23:38:18 Active Clients: 0 | Total Requests Handled: 40
2026/01/04 23:38:19 Active Clients: 0 | Total Requests Handled: 40
2026/01/04 23:38:20 Active Clients: 0 | Total Requests Handled: 40
2026/01/04 23:38:21 Active Clients: 0 | Total Requests Handled: 40
2026/01/04 23:38:22 Active Clients: 0 | Total Requests Handled: 40
2026/01/04 23:38:23 Active Clients: 0 | Total Requests Handled: 40
2026/01/04 23:38:24 Active Clients: 0 | Total Requests Handled: 40
2026/01/04 23:38:25 Active Clients: 0 | Total Requests Handled: 40
2026/01/04 23:38:26 Active Clients: 0 | Total Requests Handled: 40
2026/01/04 23:38:27 Active Clients: 0 | Total Requests Handled: 40
2026/01/04 23:38:28 Active Clients: 0 | Total Requests Handled: 40
2026/01/04 23:38:29 Active Clients: 0 | Total Requests Handled: 40
2026/01/04 23:38:30 Active Clients: 0 | Total Requests Handled: 40
2026/01/04 23:38:31 Active Clients: 0 | Total Requests Handled: 40
2026/01/04 23:38:32 Active Clients: 0 | Total Requests Handled: 40
2026/01/04 23:38:33 Active Clients: 0 | Total Requests Handled: 40
2026/01/04 23:38:34 Active Clients: 0 | Total Requests Handled: 40
2026/01/04 23:38:35 Active Clients: 0 | Total Requests Handled: 40
2026/01/04 23:38:36 Active Clients: 0 | Total Requests Handled: 40
2026/01/04 23:38:37 Active Clients: 0 | Total Requests Handled: 40
2026/01/04 23:38:38 Active Clients: 0 | Total Requests Handled: 40
2026/01/04 23:38:39 Active Clients: 0 | Total Requests Handled: 40
2026/01/04 23:38:40 Active Clients: 0 | Total Requests Handled: 40
2026/01/04 23:38:41 Active Clients: 0 | Total Requests Handled: 40
2026/01/04 23:38:42 Active Clients: 0 | Total Requests Handled: 40
2026/01/04 23:38:43 Active Clients: 0 | Total Requests Handled: 40
2026/01/04 23:38:44 Active Clients: 0 | Total Requests Handled: 40
2026/01/04 23:38:45 Active Clients: 0 | Total Requests Handled: 40
2026/01/04 23:38:46 Active Clients: 0 | Total Requests Handled: 40
2026/01/04 23:38:47 Active Clients: 0 | Total Requests Handled: 40
2026/01/04 23:38:48 Active Clients: 0 | Total Requests Handled: 40
2026/01/04 23:38:49 Active Clients: 0 | Total Requests Handled: 40
2026/01/04 23:38:50 Active Clients: 0 | Total Requests Handled: 40
2026/01/04 23:38:51 Active Clients: 0 | Total Requests Handled: 40
2026/01/04 23:38:52 Active Clients: 0 | Total Requests Handled: 40
2026/01/04 23:38:53 Active Clients: 0 | Total Requests Handled: 40
2026/01/04 23:38:54 Active Clients: 0 | Total Requests Handled: 40
2026/01/04 23:38:55 Active Clients: 0 | Total Requests Handled: 40
2026/01/04 23:38:56 Active Clients: 0 | Total Requests Handled: 40
2026/01/04 23:38:57 Active Clients: 0 | Total Requests Handled: 40
2026/01/04 23:38:58 Active Clients: 0 | Total Requests Handled: 40
2026/01/04 23:38:59 Active Clients: 0 | Total Requests Handled: 40
2026/01/04 23:39:00 Active Clients: 0 | Total Requests Handled: 40
2026/01/04 23:39:01 Active Clients: 0 | Total Requests Handled: 40
2026/01/04 23:39:02 Active Clients: 0 | Total Requests Handled: 40
2026/01/04 23:39:03 Active Clients: 0 | Total Requests Handled: 40
2026/01/04 23:39:04 Active Clients: 0 | Total Requests Handled: 40
2026/01/04 23:39:05 Active Clients: 0 | Total Requests Handled: 40
2026/01/04 23:39:06 Active Clients: 0 | Total Requests Handled: 40
2026/01/04 23:39:07 Active Clients: 0 | Total Requests Handled: 40
2026/01/04 23:39:08 Active Clients: 0 | Total Requests Handled: 40
2026/01/04 23:39:09 Active Clients: 0 | Total Requests Handled: 40
2026/01/04 23:39:10 Active Clients: 0 | Total Requests Handled: 40
2026/01/04 23:39:11 Active Clients: 0 | Total Requests Handled: 40
2026/01/04 23:39:12 Active Clients: 0 | Total Requests Handled: 40
2026/01/04 23:39:13 Active Clients: 0 | Total Requests Handled: 40
2026/01/04 23:39:14 Active Clients: 0 | Total Requests Handled: 40
2026/01/04 23:39:15 Active Clients: 0 | Total Requests Handled: 40
2026/01/04 23:39:16 Active Clients: 0 | Total Requests Handled: 40
2026/01/04 23:39:17 Active Clients: 0 | Total Requests Handled: 40
2026/01/04 23:39:18 Active Clients: 0 | Total Requests Handled: 40
2026/01/04 23:39:19 Active Clients: 0 | Total Requests Handled: 40
2026/01/04 23:39:20 Active Clients: 0 | Total Requests Handled: 40
2026/01/04 23:39:21 Active Clients: 0 | Total Requests Handled: 40
2026/01/04 23:39:22 Active Clients: 0 | Total Requests Handled: 40
2026/01/04 23:39:23 Active Clients: 0 | Total Requests Handled: 40
2026/01/04 23:39:24 Active Clients: 0 | Total Requests Handled: 40
2026/01/04 23:39:25 Active Clients: 0 | Total Requests Handled: 40
2026/01/04 23:39:26 Active Clients: 0 | Total Requests Handled: 40
2026/01/04 23:39:27 Active Clients: 0 | Total Requests Handled: 40
2026/01/04 23:39:28 Active Clients: 0 | Total Requests Handled: 40
2026/01/04 23:39:29 Active Clients: 0 | Total Requests Handled: 40
2026/01/04 23:39:30 Active Clients: 0 | Total Requests Handled: 40
2026/01/04 23:39:31 Active Clients: 0 | Total Requests Handled: 40
2026/01/04 23:39:32 Active Clients: 0 | Total Requests Handled: 40
2026/01/04 23:39:33 Active Clients: 0 | Total Requests Handled: 40
2026/01/04 23:39:34 Active Clients: 0 | Total Requests Handled: 40
2026/01/04 23:39:35 Active Clients: 0 | Total Requests Handled: 40
2026/01/04 23:39:36 Active Clients: 0 | Total Requests Handled: 40
2026/01/04 23:39:37 Active Clients: 0 | Total Requests Handled: 40
2026/01/04 23:39:38 Active Clients: 0 | Total Requests Handled: 40
2026/01/04 23:39:39 Active Clients: 0 | Total Requests Handled: 40
2026/01/04 23:39:40 Active Clients: 0 | Total Requests Handled: 40
2026/01/04 23:39:41 Active Clients: 0 | Total Requests Handled: 40
2026/01/04 23:39:42 Active Clients: 0 | Total Requests Handled: 40
2026/01/04 23:39:43 Active Clients: 0 | Total Requests Handled: 40
2026/01/04 23:39:44 Active Clients: 0 | Total Requests Handled: 40
2026/01/04 23:39:45 Active Clients: 0 | Total Requests Handled: 40
2026/01/04 23:39:46 Active Clients: 0 | Total Requests Handled: 40
2026/01/04 23:39:47 Active Clients: 0 | Total Requests Handled: 40
2026/01/04 23:39:48 Active Clients: 0 | Total Requests Handled: 40
2026/01/04 23:39:49 Active Clients: 0 | Total Requests Handled: 40
2026/01/04 23:39:50 Active Clients: 0 | Total Requests Handled: 40
2026/01/04 23:39:51 Active Clients: 0 | Total Requests Handled: 40
2026/01/04 23:39:52 Active Clients: 0 | Total Requests Handled: 40
2026/01/04 23:39:53 Active Clients: 0 | Total Requests Handled: 40
2026/01/04 23:39:54 Active Clients: 0 | Total Requests Handled: 40
2026/01/04 23:39:55 Active Clients: 0 | Total Requests Handled: 40
2026/01/04 23:39:56 Active Clients: 0 | Total Requests Handled: 40
2026/01/04 23:39:57 Active Clients: 0 | Total Requests Handled: 40
2026/01/04 23:39:58 Active Clients: 0 | Total Requests Handled: 40
2026/01/04 23:39:59 Active Clients: 0 | Total Requests Handled: 40
2026/01/04 23:40:00 Active Clients: 0 | Total Requests Handled: 40
2026/01/04 23:40:01 Active Clients: 0 | Total Requests Handled: 40
2026/01/04 23:40:02 Active Clients: 0 | Total Requests Handled: 40
2026/01/04 23:40:03 Active Clients: 0 | Total Requests Handled: 40
2026/01/04 23:40:04 Active Clients: 0 | Total Requests Handled: 40
2026/01/04 23:40:05 Active Clients: 0 | Total Requests Handled: 40
2026/01/04 23:40:06 Active Clients: 0 | Total Requests Handled: 40
2026/01/04 23:40:07 Active Clients: 0 | Total Requests Handled: 40
2026/01/04 23:40:08 Active Clients: 0 | Total Requests Handled: 40
2026/01/04 23:40:09 Active Clients: 0 | Total Requests Handled: 40
2026/01/04 23:40:10 Active Clients: 0 | Total Requests Handled: 40
2026/01/04 23:40:11 Active Clients: 0 | Total Requests Handled: 40
2026/01/04 23:40:12 Active Clients: 0 | Total Requests Handled: 40
2026/01/04 23:40:13 Active Clients: 0 | Total Requests Handled: 40
2026/01/04 23:40:14 Active Clients: 0 | Total Requests Handled: 40
2026/01/04 23:40:15 Active Clients: 0 | Total Requests Handled: 40
2026/01/04 23:40:16 Active Clients: 0 | Total Requests Handled: 40
2026/01/04 23:40:17 Active Clients: 0 | Total Requests Handled: 40
2026/01/04 23:40:18 Active Clients: 0 | Total Requests Handled: 40
2026/01/04 23:40:19 Active Clients: 0 | Total Requests Handled: 40
2026/01/04 23:40:20 Active Clients: 0 | Total Requests Handled: 40
2026/01/04 23:40:21 Active Clients: 0 | Total Requests Handled: 40
2026/01/04 23:40:22 Active Clients: 0 | Total Requests Handled: 40
2026/01/04 23:40:23 Active Clients: 0 | Total Requests Handled: 40
2026/01/04 23:40:24 Active Clients: 0 | Total Requests Handled: 40
2026/01/04 23:40:25 Active Clients: 0 | Total Requests Handled: 40
2026/01/04 23:40:26 Active Clients: 0 | Total Requests Handled: 40
2026/01/04 23:40:27 Active Clients: 0 | Total Requests Handled: 40
2026/01/04 23:40:28 Active Clients: 0 | Total Requests Handled: 40
2026/01/04 23:40:29 Active Clients: 0 | Total Requests Handled: 40
2026/01/04 23:40:30 Active Clients: 0 | Total Requests Handled: 40
2026/01/04 23:40:31 Active Clients: 0 | Total Requests Handled: 40
2026/01/04 23:40:32 Active Clients: 0 | Total Requests Handled: 40
2026/01/04 23:40:33 Active Clients: 0 | Total Requests Handled: 40
2026/01/04 23:40:34 Active Clients: 0 | Total Requests Handled: 40
2026/01/04 23:40:35 Active Clients: 0 | Total Requests Handled: 40
2026/01/04 23:40:36 Active Clients: 0 | Total Requests Handled: 40
2026/01/04 23:40:37 Active Clients: 0 | Total Requests Handled: 40
2026/01/04 23:40:38 Active Clients: 0 | Total Requests Handled: 40
2026/01/04 23:40:39 Active Clients: 0 | Total Requests Handled: 40
2026/01/04 23:40:40 Active Clients: 0 | Total Requests Handled: 40
2026/01/04 23:40:41 Active Clients: 0 | Total Requests Handled: 40
2026/01/04 23:40:42 Active Clients: 0 | Total Requests Handled: 40
2026/01/04 23:40:43 Active Clients: 0 | Total Requests Handled: 40
2026/01/04 23:40:44 Active Clients: 0 | Total Requests Handled: 40
2026/01/04 23:40:45 Active Clients: 0 | Total Requests Handled: 40
2026/01/04 23:40:46 Active Clients: 0 | Total Requests Handled: 40
2026/01/04 23:40:47 Active Clients: 0 | Total Requests Handled: 40
2026/01/04 23:40:48 Active Clients: 0 | Total Requests Handled: 40
2026/01/04 23:40:49 Active Clients: 0 | Total Requests Handled: 40
2026/01/04 23:40:50 Active Clients: 0 | Total Requests Handled: 40
2026/01/04 23:40:51 Active Clients: 0 | Total Requests Handled: 40
2026/01/04 23:40:52 Active Clients: 0 | Total Requests Handled: 40
2026/01/04 23:40:53 Active Clients: 0 | Total Requests Handled: 40
2026/01/04 23:40:54 Active Clients: 0 | Total Requests Handled: 40
2026/01/04 23:40:55 Active Clients: 0 | Total Requests Handled: 40
2026/01/04 23:40:56 Active Clients: 0 | Total Requests Handled: 40
2026/01/04 23:40:57 Active Clients: 0 | Total Requests Handled: 40
2026/01/04 23:40:58 Active Clients: 0 | Total Requests Handled: 40
2026/01/04 23:40:59 Active Clients: 0 | Total Requests Handled: 40
2026/01/04 23:41:00 Active Clients: 0 | Total Requests Handled: 40
2026/01/04 23:41:01 Active Clients: 0 | Total Requests Handled: 40
2026/01/04 23:41:02 Active Clients: 0 | Total Requests Handled: 40
2026/01/04 23:41:03 Active Clients: 0 | Total Requests Handled: 40
2026/01/04 23:41:04 Active Clients: 0 | Total Requests Handled: 40
2026/01/04 23:41:05 Active Clients: 0 | Total Requests Handled: 40
2026/01/04 23:41:06 Active Clients: 0 | Total Requests Handled: 40
2026/01/04 23:41:07 Active Clients: 0 | Total Requests Handled: 40
2026/01/04 23:41:08 Active Clients: 0 | Total Requests Handled: 40
2026/01/04 23:41:09 Active Clients: 0 | Total Requests Handled: 40
2026/01/04 23:41:10 Active Clients: 0 | Total Requests Handled: 40
2026/01/04 23:41:11 Active Clients: 0 | Total Requests Handled: 40
2026/01/04 23:41:12 Active Clients: 0 | Total Requests Handled: 40
2026/01/04 23:41:13 Active Clients: 0 | Total Requests Handled: 40
2026/01/04 23:41:14 Active Clients: 0 | Total Requests Handled: 40
2026/01/04 23:41:15 Active Clients: 0 | Total Requests Handled: 40
2026/01/04 23:41:16 Active Clients: 0 | Total Requests Handled: 40
2026/01/04 23:41:17 Active Clients: 0 | Total Requests Handled: 40
2026/01/04 23:41:18 Active Clients: 0 | Total Requests Handled: 40
2026/01/04 23:41:19 Active Clients: 0 | Total Requests Handled: 40
2026/01/04 23:41:20 Active Clients: 0 | Total Requests Handled: 40
2026/01/04 23:41:21 Active Clients: 0 | Total Requests Handled: 40
2026/01/04 23:41:22 Active Clients: 0 | Total Requests Handled: 40
2026/01/04 23:41:23 Active Clients: 0 | Total Requests Handled: 40
2026/01/04 23:41:24 Active Clients: 0 | Total Requests Handled: 40
2026/01/04 23:41:25 Active Clients: 0 | Total Requests Handled: 40
2026/01/04 23:41:26 Active Clients: 0 | Total Requests Handled: 40
2026/01/04 23:41:27 Active Clients: 0 | Total Requests Handled: 40
2026/01/04 23:41:28 Active Clients: 0 | Total Requests Handled: 40
2026/01/04 23:41:29 Active Clients: 0 | Total Requests Handled: 40
2026/01/04 23:41:30 Active Clients: 0 | Total Requests Handled: 40
2026/01/04 23:41:31 Active Clients: 0 | Total Requests Handled: 40
2026/01/04 23:41:32 Active Clients: 0 | Total Requests Handled: 40
2026/01/04 23:41:33 Active Clients: 0 | Total Requests Handled: 40
2026/01/04 23:41:34 Active Clients: 0 | Total Requests Handled: 40
2026/01/04 23:41:35 Active Clients: 0 | Total Requests Handled: 40
2026/01/04 23:41:36 Active Clients: 0 | Total Requests Handled: 40
2026/01/04 23:41:37 Active Clients: 0 | Total Requests Handled: 40
2026/01/04 23:41:38 Active Clients: 0 | Total Requests Handled: 40
2026/01/04 23:41:39 Active Clients: 0 | Total Requests Handled: 40
2026/01/04 23:41:40 Active Clients: 0 | Total Requests Handled: 40
2026/01/04 23:41:41 Active Clients: 0 | Total Requests Handled: 40
2026/01/04 23:41:42 Active Clients: 0 | Total Requests Handled: 40
2026/01/04 23:41:43 Active Clients: 0 | Total Requests Handled: 40
2026/01/04 23:41:44 Active Clients: 0 | Total Requests Handled: 40
2026/01/04 23:41:45 Active Clients: 0 | Total Requests Handled: 40
2026/01/04 23:41:46 Active Clients: 0 | Total Requests Handled: 40
2026/01/04 23:41:47 Active Clients: 0 | Total Requests Handled: 40
2026/01/04 23:41:48 Active Clients: 0 | Total Requests Handled: 40
2026/01/04 23:41:49 Active Clients: 0 | Total Requests Handled: 40
2026/01/04 23:41:50 Active Clients: 0 | Total Requests Handled: 40
2026/01/04 23:41:51 Active Clients: 0 | Total Requests Handled: 40
2026/01/04 23:41:52 Active Clients: 0 | Total Requests Handled: 40
2026/01/04 23:41:53 Active Clients: 0 | Total Requests Handled: 40
2026/01/04 23:41:54 Active Clients: 0 | Total Requests Handled: 40
2026/01/04 23:41:55 Active Clients: 0 | Total Requests Handled: 40
2026/01/04 23:41:56 Active Clients: 0 | Total Requests Handled: 40
2026/01/04 23:41:57 Active Clients: 0 | Total Requests Handled: 40
2026/01/04 23:41:58 Active Clients: 0 | Total Requests Handled: 40
2026/01/04 23:41:59 Active Clients: 0 | Total Requests Handled: 40
2026/01/04 23:42:00 Active Clients: 0 | Total Requests Handled: 40
2026/01/04 23:42:01 Active Clients: 0 | Total Requests Handled: 40
2026/01/04 23:42:02 Active Clients: 0 | Total Requests Handled: 40
2026/01/04 23:42:03 Active Clients: 0 | Total Requests Handled: 40
2026/01/04 23:42:04 Active Clients: 0 | Total Requests Handled: 40
2026/01/04 23:42:05 Active Clients: 0 | Total Requests Handled: 40
2026/01/04 23:42:06 Active Clients: 0 | Total Requests Handled: 40
2026/01/04 23:42:07 Active Clients: 0 | Total Requests Handled: 40
2026/01/04 23:42:08 Active Clients: 0 | Total Requests Handled: 40
2026/01/04 23:42:09 Active Clients: 0 | Total Requests Handled: 40
2026/01/04 23:42:10 Active Clients: 0 | Total Requests Handled: 40
2026/01/04 23:42:11 Active Clients: 0 | Total Requests Handled: 40
2026/01/04 23:42:12 Active Clients: 0 | Total Requests Handled: 40
2026/01/04 23:42:13 Active Clients: 0 | Total Requests Handled: 40
2026/01/04 23:42:14 Active Clients: 0 | Total Requests Handled: 40
2026/01/04 23:42:15 Active Clients: 0 | Total Requests Handled: 40
2026/01/04 23:42:16 Active Clients: 0 | Total Requests Handled: 40
2026/01/04 23:42:17 Active Clients: 0 | Total Requests Handled: 40
2026/01/04 23:42:18 Active Clients: 0 | Total Requests Handled: 40
2026/01/04 23:42:19 Active Clients: 0 | Total Requests Handled: 40
2026/01/04 23:42:20 Active Clients: 0 | Total Requests Handled: 40
2026/01/04 23:42:21 Active Clients: 0 | Total Requests Handled: 40
2026/01/04 23:42:22 Active Clients: 0 | Total Requests Handled: 40
2026/01/04 23:42:23 Active Clients: 0 | Total Requests Handled: 40
2026/01/04 23:42:24 Active Clients: 0 | Total Requests Handled: 40
2026/01/04 23:42:25 Active Clients: 0 | Total Requests Handled: 40
2026/01/04 23:42:26 Active Clients: 0 | Total Requests Handled: 40
2026/01/04 23:42:27 Active Clients: 0 | Total Requests Handled: 40
2026/01/04 23:42:28 Active Clients: 0 | Total Requests Handled: 40
2026/01/04 23:42:29 Active Clients: 0 | Total Requests Handled: 40
2026/01/04 23:42:30 Active Clients: 0 | Total Requests Handled: 40
2026/01/04 23:42:31 Active Clients: 0 | Total Requests Handled: 40
2026/01/04 23:42:32 Active Clients: 0 | Total Requests Handled: 40
2026/01/04 23:42:33 Active Clients: 0 | Total Requests Handled: 40
2026/01/04 23:42:34 Active Clients: 0 | Total Requests Handled: 40
2026/01/04 23:42:35 Active Clients: 0 | Total Requests Handled: 40
2026/01/04 23:42:36 Active Clients: 0 | Total Requests Handled: 40
2026/01/04 23:42:37 Active Clients: 0 | Total Requests Handled: 40
2026/01/04 23:42:38 Active Clients: 0 | Total Requests Handled: 40
2026/01/04 23:42:39 Active Clients: 0 | Total Requests Handled: 40
2026/01/04 23:42:40 Active Clients: 0 | Total Requests Handled: 40
2026/01/04 23:42:41 Active Clients: 0 | Total Requests Handled: 40
2026/01/04 23:42:42 Active Clients: 0 | Total Requests Handled: 40
2026/01/04 23:42:43 Active Clients: 0 | Total Requests Handled: 40
2026/01/04 23:42:44 Active Clients: 0 | Total Requests Handled: 40
2026/01/04 23:42:45 Active Clients: 0 | Total Requests Handled: 40
2026/01/04 23:42:46 Active Clients: 0 | Total Requests Handled: 40
2026/01/04 23:42:47 Active Clients: 0 | Total Requests Handled: 40
2026/01/04 23:42:48 Active Clients: 0 | Total Requests Handled: 40
2026/01/04 23:42:49 Active Clients: 0 | Total Requests Handled: 40
2026/01/04 23:42:50 Active Clients: 0 | Total Requests Handled: 40
2026/01/04 23:42:51 Active Clients: 0 | Total Requests Handled: 40
2026/01/04 23:42:52 Active Clients: 0 | Total Requests Handled: 40
2026/01/04 23:42:53 Active Clients: 0 | Total Requests Handled: 40
2026/01/04 23:42:54 Active Clients: 0 | Total Requests Handled: 40
2026/01/04 23:42:55 Active Clients: 0 | Total Requests Handled: 40
2026/01/04 23:42:56 Active Clients: 0 | Total Requests Handled: 40
2026/01/04 23:42:57 Active Clients: 0 | Total Requests Handled: 40
2026/01/04 23:42:58 Active Clients: 0 | Total Requests Handled: 40
2026/01/04 23:42:59 Active Clients: 0 | Total Requests Handled: 40
2026/01/04 23:43:00 Active Clients: 0 | Total Requests Handled: 40
2026/01/04 23:43:01 Active Clients: 0 | Total Requests Handled: 40
2026/01/04 23:43:02 Active Clients: 0 | Total Requests Handled: 40
2026/01/04 23:43:03 Active Clients: 0 | Total Requests Handled: 40
2026/01/04 23:43:04 Active Clients: 0 | Total Requests Handled: 40
2026/01/04 23:43:05 Active Clients: 0 | Total Requests Handled: 40
2026/01/04 23:43:06 Active Clients: 0 | Total Requests Handled: 40
2026/01/04 23:43:07 Active Clients: 0 | Total Requests Handled: 40
2026/01/04 23:43:08 Active Clients: 0 | Total Requests Handled: 40
2026/01/04 23:43:09 Active Clients: 0 | Total Requests Handled: 40
2026/01/04 23:43:10 Active Clients: 0 | Total Requests Handled: 40
2026/01/04 23:43:11 Active Clients: 0 | Total Requests Handled: 40
2026/01/04 23:43:12 Active Clients: 0 | Total Requests Handled: 40
2026/01/04 23:43:13 Active Clients: 0 | Total Requests Handled: 40
2026/01/04 23:43:14 Active Clients: 0 | Total Requests Handled: 40
2026/01/04 23:43:15 Active Clients: 0 | Total Requests Handled: 40
2026/01/04 23:43:16 Active Clients: 0 | Total Requests Handled: 40
2026/01/04 23:43:17 Active Clients: 0 | Total Requests Handled: 40
2026/01/04 23:43:18 Active Clients: 0 | Total Requests Handled: 40
2026/01/04 23:43:19 Active Clients: 0 | Total Requests Handled: 40
2026/01/04 23:43:20 Active Clients: 0 | Total Requests Handled: 40
2026/01/04 23:43:21 Active Clients: 0 | Total Requests Handled: 40
2026/01/04 23:43:22 Active Clients: 0 | Total Requests Handled: 40
2026/01/04 23:43:23 Active Clients: 0 | Total Requests Handled: 40
2026/01/04 23:43:24 Active Clients: 0 | Total Requests Handled: 40
2026/01/04 23:43:25 Active Clients: 0 | Total Requests Handled: 40
2026/01/04 23:43:26 Active Clients: 0 | Total Requests Handled: 40
2026/01/04 23:43:27 Active Clients: 0 | Total Requests Handled: 40
2026/01/04 23:43:28 Active Clients: 0 | Total Requests Handled: 40
2026/01/04 23:43:29 Active Clients: 0 | Total Requests Handled: 40
2026/01/04 23:43:30 Active Clients: 0 | Total Requests Handled: 40
2026/01/04 23:43:31 Active Clients: 0 | Total Requests Handled: 40
2026/01/04 23:43:32 Active Clients: 0 | Total Requests Handled: 40
2026/01/04 23:43:33 Active Clients: 0 | Total Requests Handled: 40
2026/01/04 23:43:34 Active Clients: 0 | Total Requests Handled: 40
2026/01/04 23:43:35 Active Clients: 0 | Total Requests Handled: 40
2026/01/04 23:43:36 Active Clients: 0 | Total Requests Handled: 40
2026/01/04 23:43:37 Active Clients: 0 | Total Requests Handled: 40
2026/01/04 23:43:38 Active Clients: 0 | Total Requests Handled: 40
2026/01/04 23:43:39 Active Clients: 0 | Total Requests Handled: 40
2026/01/04 23:43:40 Active Clients: 0 | Total Requests Handled: 40
2026/01/04 23:43:41 Active Clients: 0 | Total Requests Handled: 40
2026/01/04 23:43:42 Active Clients: 0 | Total Requests Handled: 40
2026/01/04 23:43:43 Active Clients: 0 | Total Requests Handled: 40
2026/01/04 23:43:44 Active Clients: 0 | Total Requests Handled: 40
2026/01/04 23:43:45 Active Clients: 0 | Total Requests Handled: 40
2026/01/04 23:43:46 Active Clients: 0 | Total Requests Handled: 40
2026/01/04 23:43:47 Active Clients: 0 | Total Requests Handled: 40
2026/01/04 23:43:48 Active Clients: 0 | Total Requests Handled: 40
2026/01/04 23:43:49 Active Clients: 0 | Total Requests Handled: 40
2026/01/04 23:43:50 Active Clients: 0 | Total Requests Handled: 40
2026/01/04 23:43:51 Active Clients: 0 | Total Requests Handled: 40
2026/01/04 23:43:52 Active Clients: 0 | Total Requests Handled: 40
2026/01/04 23:43:53 Active Clients: 0 | Total Requests Handled: 40
2026/01/04 23:43:54 Active Clients: 0 | Total Requests Handled: 40
2026/01/04 23:43:55 Active Clients: 0 | Total Requests Handled: 40
2026/01/04 23:43:56 Active Clients: 0 | Total Requests Handled: 40
2026/01/04 23:43:57 Active Clients: 0 | Total Requests Handled: 40
2026/01/04 23:43:58 Active Clients: 0 | Total Requests Handled: 40
2026/01/04 23:43:59 Active Clients: 0 | Total Requests Handled: 40
2026/01/04 23:44:00 Active Clients: 0 | Total Requests Handled: 40
2026/01/04 23:44:01 Active Clients: 0 | Total Requests Handled: 40
2026/01/04 23:44:02 Active Clients: 0 | Total Requests Handled: 40
2026/01/04 23:44:03 Active Clients: 0 | Total Requests Handled: 40
2026/01/04 23:44:04 Active Clients: 0 | Total Requests Handled: 40
2026/01/04 23:44:05 Active Clients: 0 | Total Requests Handled: 40
2026/01/04 23:44:06 Active Clients: 0 | Total Requests Handled: 40
2026/01/04 23:44:07 Active Clients: 0 | Total Requests Handled: 40
2026/01/04 23:44:08 Active Clients: 0 | Total Requests Handled: 40
2026/01/04 23:44:09 Active Clients: 0 | Total Requests Handled: 40
2026/01/04 23:44:10 Active Clients: 0 | Total Requests Handled: 40
2026/01/04 23:44:11 Active Clients: 0 | Total Requests Handled: 40
2026/01/04 23:44:12 Active Clients: 0 | Total Requests Handled: 40
2026/01/04 23:44:13 Active Clients: 0 | Total Requests Handled: 40
2026/01/04 23:44:14 Active Clients: 0 | Total Requests Handled: 40
2026/01/04 23:44:15 Active Clients: 0 | Total Requests Handled: 40
2026/01/04 23:44:16 Active Clients: 0 | Total Requests Handled: 40
2026/01/04 23:44:17 Active Clients: 0 | Total Requests Handled: 40
2026/01/04 23:44:18 Active Clients: 0 | Total Requests Handled: 40
2026/01/04 23:44:19 Active Clients: 0 | Total Requests Handled: 40
2026/01/04 23:44:20 Active Clients: 0 | Total Requests Handled: 40
2026/01/04 23:44:21 Active Clients: 0 | Total Requests Handled: 40
2026/01/04 23:44:22 Active Clients: 0 | Total Requests Handled: 40
2026/01/04 23:44:23 Active Clients: 0 | Total Requests Handled: 40
2026/01/04 23:44:24 Active Clients: 0 | Total Requests Handled: 40
2026/01/04 23:44:25 Active Clients: 0 | Total Requests Handled: 40
2026/01/04 23:44:26 Active Clients: 0 | Total Requests Handled: 40
2026/01/04 23:44:27 Active Clients: 0 | Total Requests Handled: 40
2026/01/04 23:44:28 Active Clients: 0 | Total Requests Handled: 40
2026/01/04 23:44:29 Active Clients: 0 | Total Requests Handled: 40
2026/01/04 23:44:30 Active Clients: 0 | Total Requests Handled: 40
2026/01/04 23:44:31 Active Clients: 0 | Total Requests Handled: 40
2026/01/04 23:44:32 Active Clients: 0 | Total Requests Handled: 40
2026/01/04 23:44:33 Active Clients: 0 | Total Requests Handled: 40
2026/01/04 23:44:34 Active Clients: 0 | Total Requests Handled: 40
2026/01/04 23:44:35 Active Clients: 0 | Total Requests Handled: 40
2026/01/04 23:44:36 Active Clients: 0 | Total Requests Handled: 40
2026/01/04 23:44:37 Active Clients: 0 | Total Requests Handled: 40
2026/01/04 23:44:38 Active Clients: 0 | Total Requests Handled: 40
2026/01/04 23:44:39 Active Clients: 0 | Total Requests Handled: 40
2026/01/04 23:44:40 Active Clients: 0 | Total Requests Handled: 40
2026/01/04 23:44:41 Active Clients: 0 | Total Requests Handled: 40
2026/01/04 23:44:42 Active Clients: 0 | Total Requests Handled: 40
2026/01/04 23:44:43 Active Clients: 0 | Total Requests Handled: 40
2026/01/04 23:44:44 Active Clients: 0 | Total Requests Handled: 40
2026/01/04 23:44:45 Active Clients: 0 | Total Requests Handled: 40
2026/01/04 23:44:46 Active Clients: 0 | Total Requests Handled: 40
2026/01/04 23:44:47 Active Clients: 0 | Total Requests Handled: 40
2026/01/04 23:44:48 Active Clients: 0 | Total Requests Handled: 40
2026/01/04 23:44:49 Active Clients: 0 | Total Requests Handled: 40
2026/01/04 23:44:50 Active Clients: 0 | Total Requests Handled: 40
2026/01/04 23:44:51 Active Clients: 0 | Total Requests Handled: 40
2026/01/04 23:44:52 Active Clients: 0 | Total Requests Handled: 40
2026/01/04 23:44:53 Active Clients: 0 | Total Requests Handled: 40
2026/01/04 23:44:54 Active Clients: 0 | Total Requests Handled: 40
2026/01/04 23:44:55 Active Clients: 0 | Total Requests Handled: 40
2026/01/04 23:44:56 Active Clients: 0 | Total Requests Handled: 40
2026/01/04 23:44:57 Active Clients: 0 | Total Requests Handled: 40
2026/01/04 23:44:58 Active Clients: 0 | Total Requests Handled: 40
2026/01/04 23:44:59 Active Clients: 0 | Total Requests Handled: 40
2026/01/04 23:45:00 Active Clients: 0 | Total Requests Handled: 40
2026/01/04 23:45:01 Active Clients: 0 | Total Requests Handled: 40
2026/01/04 23:45:02 Active Clients: 0 | Total Requests Handled: 40
2026/01/04 23:45:03 Active Clients: 0 | Total Requests Handled: 40
2026/01/04 23:45:04 Active Clients: 0 | Total Requests Handled: 40
2026/01/04 23:45:05 Active Clients: 0 | Total Requests Handled: 40
2026/01/04 23:45:06 Active Clients: 0 | Total Requests Handled: 40
2026/01/04 23:45:07 Active Clients: 0 | Total Requests Handled: 40
2026/01/04 23:45:08 Active Clients: 0 | Total Requests Handled: 40
2026/01/04 23:45:09 Active Clients: 0 | Total Requests Handled: 40
2026/01/04 23:45:10 Active Clients: 0 | Total Requests Handled: 40
2026/01/04 23:45:11 Active Clients: 0 | Total Requests Handled: 40
2026/01/04 23:45:12 Active Clients: 0 | Total Requests Handled: 40
2026/01/04 23:45:13 Active Clients: 0 | Total Requests Handled: 40
2026/01/04 23:45:14 Active Clients: 0 | Total Requests Handled: 40
2026/01/04 23:45:15 Active Clients: 0 | Total Requests Handled: 40
2026/01/04 23:45:16 Active Clients: 0 | Total Requests Handled: 40
2026/01/04 23:45:17 Active Clients: 0 | Total Requests Handled: 40
2026/01/04 23:45:18 Active Clients: 0 | Total Requests Handled: 40
2026/01/04 23:45:19 Active Clients: 0 | Total Requests Handled: 40
2026/01/04 23:45:20 Active Clients: 0 | Total Requests Handled: 40
2026/01/04 23:45:21 Active Clients: 0 | Total Requests Handled: 40
2026/01/04 23:45:22 Active Clients: 0 | Total Requests Handled: 40
2026/01/04 23:45:23 Active Clients: 0 | Total Requests Handled: 40
2026/01/04 23:45:24 Active Clients: 0 | Total Requests Handled: 40
2026/01/04 23:45:25 Active Clients: 0 | Total Requests Handled: 40
2026/01/04 23:45:26 Active Clients: 0 | Total Requests Handled: 40
2026/01/04 23:45:27 Active Clients: 0 | Total Requests Handled: 40
2026/01/04 23:45:28 Active Clients: 0 | Total Requests Handled: 40
2026/01/04 23:45:29 Active Clients: 0 | Total Requests Handled: 40
2026/01/04 23:45:30 Active Clients: 0 | Total Requests Handled: 40
2026/01/04 23:45:31 Active Clients: 0 | Total Requests Handled: 40
2026/01/04 23:45:32 Active Clients: 0 | Total Requests Handled: 40
2026/01/04 23:45:33 Active Clients: 0 | Total Requests Handled: 40
2026/01/04 23:45:34 Active Clients: 0 | Total Requests Handled: 40
2026/01/04 23:45:35 Active Clients: 0 | Total Requests Handled: 40
2026/01/04 23:45:36 Active Clients: 0 | Total Requests Handled: 40
2026/01/04 23:45:37 Active Clients: 0 | Total Requests Handled: 40
2026/01/04 23:45:38 Active Clients: 0 | Total Requests Handled: 40
2026/01/04 23:45:39 Active Clients: 0 | Total Requests Handled: 40
2026/01/04 23:45:53 Batch STARTED at 2026-01-04 23:45:53.289281855 +0530 IST m=+12.490250580
2026/01/04 23:45:55 Batch FINISHED! Duration: 2.687507357s
2026/01/04 23:46:13 Batch STARTED at 2026-01-04 23:46:13.09736998 +0530 IST m=+2.397790513
2026/01/04 23:46:15 Batch FINISHED! Duration: 2.64325156s
2026/01/04 23:47:19 Batch STARTED at 2026-01-04 23:47:19.333030798 +0530 IST m=+4.340214737
2026/01/04 23:47:38 Batch FINISHED! Duration: 19.529698886s
2026/01/04 23:48:11 Batch STARTED at 2026-01-04 23:48:11.212460712 +0530 IST m=+5.938746940
2026/01/04 23:48:29 Batch FINISHED! Duration: 18.702184426s
2026/01/04 23:54:27 Batch STARTED at 2026-01-04 23:54:27.658628741 +0530 IST m=+59.949549558
2026/01/04 23:54:28 Batch FINISHED! Duration: 1.018886583s
2026/01/04 23:54:28 Batch STARTED at 2026-01-04 23:54:28.677655002 +0530 IST m=+60.968575817
2026/01/04 23:54:28 Batch FINISHED! Duration: 78.384766ms
2026/01/04 23:55:35 Batch STARTED at 2026-01-04 23:55:35.766219452 +0530 IST m=+128.057140332
2026/01/04 23:55:36 Batch FINISHED! Duration: 350.578318ms
2026/01/04 23:55:36 Batch STARTED at 2026-01-04 23:55:36.117182697 +0530 IST m=+128.408103505
2026/01/04 23:55:36 Batch FINISHED! Duration: 300.493439ms
2026/01/04 23:55:36 Batch STARTED at 2026-01-04 23:55:36.417805289 +0530 IST m=+128.708726096
2026/01/04 23:55:36 Batch FINISHED! Duration: 202.758096ms
2026/01/04 23:55:36 Batch STARTED at 2026-01-04 23:55:36.620738941 +0530 IST m=+128.911659747
2026/01/04 23:55:36 Batch FINISHED! Duration: 64.37361ms
2026/01/04 23:56:10 Batch STARTED at 2026-01-04 23:56:10.842644088 +0530 IST m=+13.332785675
2026/01/04 23:56:28 Batch FINISHED! Duration: 17.947680609s
2026/01/04 23:57:07 Batch STARTED at 2026-01-04 23:57:07.892775334 +0530 IST m=+3.698979291
2026/01/04 23:57:26 Batch FINISHED! Duration: 18.337715294s
2026/01/05 00:22:38 Batch STARTED at 2026-01-05 00:22:38.827719653 +0530 IST m=+5.727054837
2026/01/05 00:22:56 Batch FINISHED! Duration: 17.279802318s
